<?xml version="1.0" encoding="UTF-8"?>
<!-- Generated by org.testng.reporters.JUnitXMLReporter -->
<testsuite ignored="0" hostname="DESKTOP-RCQE1AK" failures="0" tests="6" name="Default test" time="9.868" errors="0" timestamp="2025-12-16T18:06:48 IST">
  <testcase classname="api.test.DDTests" name="testPostUsers" time="2.647"/>
  <testcase classname="api.test.DDTests" name="testPostUsers" time="1.294"/>
  <testcase classname="api.test.DDTests" name="testPostUsers" time="1.314"/>
  <testcase classname="api.test.DDTests" name="testDeleteUSerByName" time="1.146"/>
  <testcase classname="api.test.DDTests" name="testDeleteUSerByName" time="1.197"/>
  <testcase classname="api.test.DDTests" name="testDeleteUSerByName" time="1.179"/>
</testsuite> <!-- Default test -->
