<?xml version="1.0" encoding="UTF-8"?>
<!-- Generated by org.testng.reporters.JUnitXMLReporter -->
<testsuite ignored="4" hostname="DESKTOP-RCQE1AK" failures="0" tests="3" name="Default test" time="17.595" errors="0" timestamp="2026-01-13T14:37:38 IST">
  <testcase classname="api.test.PetTests" name="testDeletePet" time="6.625"/>
  <testcase classname="api.test.PetTests" name="testDeletePet" time="4.677"/>
  <testcase classname="api.test.PetTests" name="testDeletePet" time="4.766"/>
  <testcase classname="api.test.PetTests" name="testFindPetsByStatus" time="0.0">
    <ignored/>
  </testcase> <!-- testFindPetsByStatus -->
  <testcase classname="api.test.PetTests" name="testGetPetById" time="0.0">
    <ignored/>
  </testcase> <!-- testGetPetById -->
  <testcase classname="api.test.PetTests" name="testUpdatePet" time="0.0">
    <ignored/>
  </testcase> <!-- testUpdatePet -->
  <testcase classname="api.test.PetTests" name="testCreatePet" time="0.0">
    <ignored/>
  </testcase> <!-- testCreatePet -->
</testsuite> <!-- Default test -->
