<?xml version="1.0" encoding="UTF-8"?>
<testng-results ignored="0" total="4" passed="4" failed="0" skipped="0">
  <reporter-output>
  </reporter-output>
  <suite started-at="2025-12-17T08:43:34 IST" name="PetSuite" finished-at="2025-12-17T08:43:45 IST" duration-ms="11161">
    <groups>
    </groups>
    <test started-at="2025-12-17T08:43:34 IST" name="PetTest" finished-at="2025-12-17T08:43:45 IST" duration-ms="11161">
      <class name="api.test.userTests">
        <test-method is-config="true" signature="setup()[pri:0, instance:api.test.userTests@245b4bdc]" started-at="2025-12-17T08:43:34 IST" name="setup" finished-at="2025-12-17T08:43:34 IST" duration-ms="566" status="PASS">
          <reporter-output>
          </reporter-output>
        </test-method> <!-- setup -->
        <test-method signature="testPostUser()[pri:1, instance:api.test.userTests@245b4bdc]" started-at="2025-12-17T08:43:34 IST" name="testPostUser" finished-at="2025-12-17T08:43:38 IST" duration-ms="3335" status="PASS">
          <reporter-output>
          </reporter-output>
        </test-method> <!-- testPostUser -->
        <test-method signature="testGetUserByName()[pri:2, instance:api.test.userTests@245b4bdc]" started-at="2025-12-17T08:43:38 IST" name="testGetUserByName" finished-at="2025-12-17T08:43:39 IST" duration-ms="1795" status="PASS">
          <reporter-output>
          </reporter-output>
        </test-method> <!-- testGetUserByName -->
        <test-method signature="testUpdateUserName()[pri:3, instance:api.test.userTests@245b4bdc]" started-at="2025-12-17T08:43:39 IST" name="testUpdateUserName" finished-at="2025-12-17T08:43:43 IST" duration-ms="3675" status="PASS">
          <reporter-output>
          </reporter-output>
        </test-method> <!-- testUpdateUserName -->
        <test-method signature="testDeleteUserByName()[pri:4, instance:api.test.userTests@245b4bdc]" started-at="2025-12-17T08:43:43 IST" name="testDeleteUserByName" finished-at="2025-12-17T08:43:45 IST" duration-ms="1628" status="PASS">
          <reporter-output>
          </reporter-output>
        </test-method> <!-- testDeleteUserByName -->
      </class> <!-- api.test.userTests -->
    </test> <!-- PetTest -->
  </suite> <!-- PetSuite -->
</testng-results>
