<?xml version="1.0" encoding="UTF-8"?>
<testng-results ignored="0" total="4" passed="4" failed="0" skipped="0">
  <reporter-output>
  </reporter-output>
  <suite started-at="2025-12-17T09:43:43 IST" name="PetSuite" finished-at="2025-12-17T09:43:56 IST" duration-ms="12868">
    <groups>
    </groups>
    <test started-at="2025-12-17T09:43:43 IST" name="PetTest" finished-at="2025-12-17T09:43:56 IST" duration-ms="12868">
      <class name="api.test.userTests">
        <test-method is-config="true" signature="setup()[pri:0, instance:api.test.userTests@37afeb11]" started-at="2025-12-17T09:43:44 IST" name="setup" finished-at="2025-12-17T09:43:44 IST" duration-ms="920" status="PASS">
          <reporter-output>
          </reporter-output>
        </test-method> <!-- setup -->
        <test-method signature="testPostUser()[pri:1, instance:api.test.userTests@37afeb11]" started-at="2025-12-17T09:43:44 IST" name="testPostUser" finished-at="2025-12-17T09:43:49 IST" duration-ms="4372" status="PASS">
          <reporter-output>
          </reporter-output>
        </test-method> <!-- testPostUser -->
        <test-method signature="testGetUserByName()[pri:2, instance:api.test.userTests@37afeb11]" started-at="2025-12-17T09:43:49 IST" name="testGetUserByName" finished-at="2025-12-17T09:43:51 IST" duration-ms="2080" status="PASS">
          <reporter-output>
          </reporter-output>
        </test-method> <!-- testGetUserByName -->
        <test-method signature="testUpdateUserName()[pri:3, instance:api.test.userTests@37afeb11]" started-at="2025-12-17T09:43:51 IST" name="testUpdateUserName" finished-at="2025-12-17T09:43:55 IST" duration-ms="3579" status="PASS">
          <reporter-output>
          </reporter-output>
        </test-method> <!-- testUpdateUserName -->
        <test-method signature="testDeleteUserByName()[pri:4, instance:api.test.userTests@37afeb11]" started-at="2025-12-17T09:43:55 IST" name="testDeleteUserByName" finished-at="2025-12-17T09:43:56 IST" duration-ms="1585" status="PASS">
          <reporter-output>
          </reporter-output>
        </test-method> <!-- testDeleteUserByName -->
      </class> <!-- api.test.userTests -->
    </test> <!-- PetTest -->
  </suite> <!-- PetSuite -->
</testng-results>
