<?xml version="1.0" encoding="UTF-8"?>
<testng-results ignored="0" total="4" passed="4" failed="0" skipped="0">
  <reporter-output>
  </reporter-output>
  <suite started-at="2025-12-12T16:58:25 IST" name="Default suite" finished-at="2025-12-12T16:58:35 IST" duration-ms="9589">
    <groups>
    </groups>
    <test started-at="2025-12-12T16:58:25 IST" name="Default test" finished-at="2025-12-12T16:58:35 IST" duration-ms="9589">
      <class name="api.test.userTests">
        <test-method is-config="true" signature="setupData()[pri:0, instance:api.test.userTests@4c402120]" started-at="2025-12-12T16:58:25 IST" name="setupData" finished-at="2025-12-12T16:58:26 IST" duration-ms="290" status="PASS">
          <reporter-output>
          </reporter-output>
        </test-method> <!-- setupData -->
        <test-method signature="testPostUser()[pri:1, instance:api.test.userTests@4c402120]" started-at="2025-12-12T16:58:26 IST" name="testPostUser" finished-at="2025-12-12T16:58:29 IST" duration-ms="3852" status="PASS">
          <reporter-output>
          </reporter-output>
        </test-method> <!-- testPostUser -->
        <test-method signature="testGetUserByName()[pri:2, instance:api.test.userTests@4c402120]" started-at="2025-12-12T16:58:29 IST" name="testGetUserByName" finished-at="2025-12-12T16:58:31 IST" duration-ms="1132" status="PASS">
          <reporter-output>
          </reporter-output>
        </test-method> <!-- testGetUserByName -->
        <test-method signature="testUpdateUserName()[pri:3, instance:api.test.userTests@4c402120]" started-at="2025-12-12T16:58:31 IST" name="testUpdateUserName" finished-at="2025-12-12T16:58:33 IST" duration-ms="2595" status="PASS">
          <reporter-output>
          </reporter-output>
        </test-method> <!-- testUpdateUserName -->
        <test-method signature="testDeleteUserByName()[pri:4, instance:api.test.userTests@4c402120]" started-at="2025-12-12T16:58:33 IST" name="testDeleteUserByName" finished-at="2025-12-12T16:58:35 IST" duration-ms="1662" status="PASS">
          <reporter-output>
          </reporter-output>
        </test-method> <!-- testDeleteUserByName -->
      </class> <!-- api.test.userTests -->
    </test> <!-- Default test -->
  </suite> <!-- Default suite -->
</testng-results>
