<?xml version="1.0" encoding="UTF-8"?>
<testng-results ignored="0" total="4" passed="4" failed="0" skipped="0">
  <reporter-output>
  </reporter-output>
  <suite started-at="2025-12-16T19:31:49 IST" name="PetSuite" finished-at="2025-12-16T19:31:58 IST" duration-ms="8289">
    <groups>
    </groups>
    <test started-at="2025-12-16T19:31:49 IST" name="PetTest" finished-at="2025-12-16T19:31:58 IST" duration-ms="8289">
      <class name="api.test.userTests">
        <test-method is-config="true" signature="setup()[pri:0, instance:api.test.userTests@1165b38]" started-at="2025-12-16T19:31:50 IST" name="setup" finished-at="2025-12-16T19:31:50 IST" duration-ms="606" status="PASS">
          <reporter-output>
          </reporter-output>
        </test-method> <!-- setup -->
        <test-method signature="testPostUser()[pri:1, instance:api.test.userTests@1165b38]" started-at="2025-12-16T19:31:50 IST" name="testPostUser" finished-at="2025-12-16T19:31:53 IST" duration-ms="2694" status="PASS">
          <reporter-output>
          </reporter-output>
        </test-method> <!-- testPostUser -->
        <test-method signature="testGetUserByName()[pri:2, instance:api.test.userTests@1165b38]" started-at="2025-12-16T19:31:53 IST" name="testGetUserByName" finished-at="2025-12-16T19:31:54 IST" duration-ms="1473" status="PASS">
          <reporter-output>
          </reporter-output>
        </test-method> <!-- testGetUserByName -->
        <test-method signature="testUpdateUserName()[pri:3, instance:api.test.userTests@1165b38]" started-at="2025-12-16T19:31:54 IST" name="testUpdateUserName" finished-at="2025-12-16T19:31:57 IST" duration-ms="2178" status="PASS">
          <reporter-output>
          </reporter-output>
        </test-method> <!-- testUpdateUserName -->
        <test-method signature="testDeleteUserByName()[pri:4, instance:api.test.userTests@1165b38]" started-at="2025-12-16T19:31:57 IST" name="testDeleteUserByName" finished-at="2025-12-16T19:31:58 IST" duration-ms="1123" status="PASS">
          <reporter-output>
          </reporter-output>
        </test-method> <!-- testDeleteUserByName -->
      </class> <!-- api.test.userTests -->
    </test> <!-- PetTest -->
  </suite> <!-- PetSuite -->
</testng-results>
