<?xml version="1.0" encoding="UTF-8"?>
<!-- Generated by org.testng.reporters.JUnitXMLReporter -->
<testsuite ignored="0" hostname="DESKTOP-RCQE1AK" failures="0" tests="4" name="PetTest" time="11.161" errors="0" timestamp="2025-12-17T08:43:45 IST">
  <testcase classname="api.test.userTests" name="testPostUser" time="3.335"/>
  <testcase classname="api.test.userTests" name="testGetUserByName" time="1.795"/>
  <testcase classname="api.test.userTests" name="testUpdateUserName" time="3.675"/>
  <testcase classname="api.test.userTests" name="testDeleteUserByName" time="1.628"/>
</testsuite> <!-- PetTest -->
