<?xml version="1.0" encoding="UTF-8"?>
<!-- Generated by org.testng.reporters.JUnitXMLReporter -->
<testsuite ignored="0" hostname="DESKTOP-RCQE1AK" failures="0" tests="4" name="PetTest" time="12.868" errors="0" timestamp="2025-12-17T09:43:56 IST">
  <testcase classname="api.test.userTests" name="testPostUser" time="4.372"/>
  <testcase classname="api.test.userTests" name="testGetUserByName" time="2.08"/>
  <testcase classname="api.test.userTests" name="testUpdateUserName" time="3.579"/>
  <testcase classname="api.test.userTests" name="testDeleteUserByName" time="1.585"/>
</testsuite> <!-- PetTest -->
