<?xml version="1.0" encoding="UTF-8"?>
<!-- Generated by org.testng.reporters.JUnitReportReporter -->
<testsuite hostname="DESKTOP-RCQE1AK" failures="0" tests="48" name="api.test.DDTests" time="24.435" errors="0" timestamp="2025-12-18T17:13:25 IST" skipped="36">
  <testcase classname="api.test.DDTests" name="testPostUsers" time="0.001">
    <skipped/>
  </testcase> <!-- testPostUsers -->
  <testcase classname="api.test.DDTests" name="testPostUsers" time="0.001">
    <skipped/>
  </testcase> <!-- testPostUsers -->
  <testcase classname="api.test.DDTests" name="testPostUsers" time="6.666"/>
  <testcase classname="api.test.DDTests" name="testPostUsers" time="0.000">
    <skipped/>
  </testcase> <!-- testPostUsers -->
  <testcase classname="api.test.DDTests" name="testPostUsers" time="0.001">
    <skipped/>
  </testcase> <!-- testPostUsers -->
  <testcase classname="api.test.DDTests" name="testPostUsers" time="2.395"/>
  <testcase classname="api.test.DDTests" name="testPostUsers" time="0.001">
    <skipped/>
  </testcase> <!-- testPostUsers -->
  <testcase classname="api.test.DDTests" name="testPostUsers" time="0.000">
    <skipped/>
  </testcase> <!-- testPostUsers -->
  <testcase classname="api.test.DDTests" name="testPostUsers" time="0.002">
    <skipped/>
  </testcase> <!-- testPostUsers -->
  <testcase classname="api.test.DDTests" name="testPostUsers" time="0.001">
    <skipped/>
  </testcase> <!-- testPostUsers -->
  <testcase classname="api.test.DDTests" name="testPostUsers" time="0.001">
    <skipped/>
  </testcase> <!-- testPostUsers -->
  <testcase classname="api.test.DDTests" name="testPostUsers" time="1.557"/>
  <testcase classname="api.test.DDTests" name="testUserLoginDD" time="0.000">
    <skipped/>
  </testcase> <!-- testUserLoginDD -->
  <testcase classname="api.test.DDTests" name="testUserLoginDD" time="1.385"/>
  <testcase classname="api.test.DDTests" name="testUserLoginDD" time="1.368"/>
  <testcase classname="api.test.DDTests" name="testUserLoginDD" time="0.001">
    <skipped/>
  </testcase> <!-- testUserLoginDD -->
  <testcase classname="api.test.DDTests" name="testUserLoginDD" time="1.293"/>
  <testcase classname="api.test.DDTests" name="testUserLoginDD" time="0.000">
    <skipped/>
  </testcase> <!-- testUserLoginDD -->
  <testcase classname="api.test.DDTests" name="testUserLoginDD" time="0.001">
    <skipped/>
  </testcase> <!-- testUserLoginDD -->
  <testcase classname="api.test.DDTests" name="testUserLoginDD" time="0.001">
    <skipped/>
  </testcase> <!-- testUserLoginDD -->
  <testcase classname="api.test.DDTests" name="testUserLoginDD" time="0.000">
    <skipped/>
  </testcase> <!-- testUserLoginDD -->
  <testcase classname="api.test.DDTests" name="testUserLoginDD" time="0.001">
    <skipped/>
  </testcase> <!-- testUserLoginDD -->
  <testcase classname="api.test.DDTests" name="testUserLoginDD" time="0.000">
    <skipped/>
  </testcase> <!-- testUserLoginDD -->
  <testcase classname="api.test.DDTests" name="testUserLoginDD" time="0.001">
    <skipped/>
  </testcase> <!-- testUserLoginDD -->
  <testcase classname="api.test.DDTests" name="testUpdateUserDD" time="0.001">
    <skipped/>
  </testcase> <!-- testUpdateUserDD -->
  <testcase classname="api.test.DDTests" name="testUpdateUserDD" time="2.945"/>
  <testcase classname="api.test.DDTests" name="testUpdateUserDD" time="0.001">
    <skipped/>
  </testcase> <!-- testUpdateUserDD -->
  <testcase classname="api.test.DDTests" name="testUpdateUserDD" time="0.001">
    <skipped/>
  </testcase> <!-- testUpdateUserDD -->
  <testcase classname="api.test.DDTests" name="testUpdateUserDD" time="1.143"/>
  <testcase classname="api.test.DDTests" name="testUpdateUserDD" time="0.000">
    <skipped/>
  </testcase> <!-- testUpdateUserDD -->
  <testcase classname="api.test.DDTests" name="testUpdateUserDD" time="0.000">
    <skipped/>
  </testcase> <!-- testUpdateUserDD -->
  <testcase classname="api.test.DDTests" name="testUpdateUserDD" time="0.000">
    <skipped/>
  </testcase> <!-- testUpdateUserDD -->
  <testcase classname="api.test.DDTests" name="testUpdateUserDD" time="0.000">
    <skipped/>
  </testcase> <!-- testUpdateUserDD -->
  <testcase classname="api.test.DDTests" name="testUpdateUserDD" time="1.436"/>
  <testcase classname="api.test.DDTests" name="testUpdateUserDD" time="0.000">
    <skipped/>
  </testcase> <!-- testUpdateUserDD -->
  <testcase classname="api.test.DDTests" name="testUpdateUserDD" time="0.000">
    <skipped/>
  </testcase> <!-- testUpdateUserDD -->
  <testcase classname="api.test.DDTests" name="testDeleteUSerByName" time="0.000">
    <skipped/>
  </testcase> <!-- testDeleteUSerByName -->
  <testcase classname="api.test.DDTests" name="testDeleteUSerByName" time="0.000">
    <skipped/>
  </testcase> <!-- testDeleteUSerByName -->
  <testcase classname="api.test.DDTests" name="testDeleteUSerByName" time="0.000">
    <skipped/>
  </testcase> <!-- testDeleteUSerByName -->
  <testcase classname="api.test.DDTests" name="testDeleteUSerByName" time="0.001">
    <skipped/>
  </testcase> <!-- testDeleteUSerByName -->
  <testcase classname="api.test.DDTests" name="testDeleteUSerByName" time="1.230"/>
  <testcase classname="api.test.DDTests" name="testDeleteUSerByName" time="0.001">
    <skipped/>
  </testcase> <!-- testDeleteUSerByName -->
  <testcase classname="api.test.DDTests" name="testDeleteUSerByName" time="0.000">
    <skipped/>
  </testcase> <!-- testDeleteUSerByName -->
  <testcase classname="api.test.DDTests" name="testDeleteUSerByName" time="0.000">
    <skipped/>
  </testcase> <!-- testDeleteUSerByName -->
  <testcase classname="api.test.DDTests" name="testDeleteUSerByName" time="0.000">
    <skipped/>
  </testcase> <!-- testDeleteUSerByName -->
  <testcase classname="api.test.DDTests" name="testDeleteUSerByName" time="0.000">
    <skipped/>
  </testcase> <!-- testDeleteUSerByName -->
  <testcase classname="api.test.DDTests" name="testDeleteUSerByName" time="1.582"/>
  <testcase classname="api.test.DDTests" name="testDeleteUSerByName" time="1.417"/>
</testsuite> <!-- api.test.DDTests -->
