<?xml version="1.0" encoding="UTF-8"?>
<!-- Generated by org.testng.reporters.JUnitReportReporter -->
<testsuite hostname="DESKTOP-RCQE1AK" failures="0" tests="3" name="api.test.PetTests" time="16.068" errors="0" timestamp="2026-01-13T14:37:38 IST" skipped="0">
  <testcase classname="api.test.PetTests" name="testDeletePet" time="4.766"/>
  <testcase classname="api.test.PetTests" name="testDeletePet" time="6.625"/>
  <testcase classname="api.test.PetTests" name="testDeletePet" time="4.677"/>
</testsuite> <!-- api.test.PetTests -->
