<?xml version="1.0" encoding="UTF-8"?>
<!-- Generated by org.testng.reporters.JUnitReportReporter -->
<testsuite hostname="DESKTOP-RCQE1AK" failures="0" tests="6" name="api.test.DDTests" time="8.777" errors="0" timestamp="2025-12-16T18:06:48 IST" skipped="0">
  <testcase classname="api.test.DDTests" name="testPostUsers" time="1.314"/>
  <testcase classname="api.test.DDTests" name="testPostUsers" time="1.294"/>
  <testcase classname="api.test.DDTests" name="testPostUsers" time="2.647"/>
  <testcase classname="api.test.DDTests" name="testDeleteUSerByName" time="1.197"/>
  <testcase classname="api.test.DDTests" name="testDeleteUSerByName" time="1.179"/>
  <testcase classname="api.test.DDTests" name="testDeleteUSerByName" time="1.146"/>
</testsuite> <!-- api.test.DDTests -->
