<?xml version="1.0" encoding="UTF-8"?>
<!-- Generated by org.testng.reporters.JUnitReportReporter -->
<testsuite hostname="DESKTOP-RCQE1AK" failures="0" tests="48" name="api.test.DDUserTests" time="15.665" errors="0" timestamp="2025-12-18T18:20:26 IST" skipped="36">
  <testcase classname="api.test.DDUserTests" name="testCreateUser" time="0.001">
    <skipped/>
  </testcase> <!-- testCreateUser -->
  <testcase classname="api.test.DDUserTests" name="testCreateUser" time="1.278"/>
  <testcase classname="api.test.DDUserTests" name="testCreateUser" time="0.001">
    <skipped/>
  </testcase> <!-- testCreateUser -->
  <testcase classname="api.test.DDUserTests" name="testCreateUser" time="1.153"/>
  <testcase classname="api.test.DDUserTests" name="testCreateUser" time="0.001">
    <skipped/>
  </testcase> <!-- testCreateUser -->
  <testcase classname="api.test.DDUserTests" name="testCreateUser" time="0.001">
    <skipped/>
  </testcase> <!-- testCreateUser -->
  <testcase classname="api.test.DDUserTests" name="testCreateUser" time="0.001">
    <skipped/>
  </testcase> <!-- testCreateUser -->
  <testcase classname="api.test.DDUserTests" name="testCreateUser" time="0.001">
    <skipped/>
  </testcase> <!-- testCreateUser -->
  <testcase classname="api.test.DDUserTests" name="testCreateUser" time="0.002">
    <skipped/>
  </testcase> <!-- testCreateUser -->
  <testcase classname="api.test.DDUserTests" name="testCreateUser" time="2.549"/>
  <testcase classname="api.test.DDUserTests" name="testCreateUser" time="0.002">
    <skipped/>
  </testcase> <!-- testCreateUser -->
  <testcase classname="api.test.DDUserTests" name="testCreateUser" time="0.001">
    <skipped/>
  </testcase> <!-- testCreateUser -->
  <testcase classname="api.test.DDUserTests" name="testGetUserByName" time="0.001">
    <skipped/>
  </testcase> <!-- testGetUserByName -->
  <testcase classname="api.test.DDUserTests" name="testGetUserByName" time="0.000">
    <skipped/>
  </testcase> <!-- testGetUserByName -->
  <testcase classname="api.test.DDUserTests" name="testGetUserByName" time="0.001">
    <skipped/>
  </testcase> <!-- testGetUserByName -->
  <testcase classname="api.test.DDUserTests" name="testGetUserByName" time="0.001">
    <skipped/>
  </testcase> <!-- testGetUserByName -->
  <testcase classname="api.test.DDUserTests" name="testGetUserByName" time="0.001">
    <skipped/>
  </testcase> <!-- testGetUserByName -->
  <testcase classname="api.test.DDUserTests" name="testGetUserByName" time="0.002">
    <skipped/>
  </testcase> <!-- testGetUserByName -->
  <testcase classname="api.test.DDUserTests" name="testGetUserByName" time="0.000">
    <skipped/>
  </testcase> <!-- testGetUserByName -->
  <testcase classname="api.test.DDUserTests" name="testGetUserByName" time="1.259"/>
  <testcase classname="api.test.DDUserTests" name="testGetUserByName" time="0.001">
    <skipped/>
  </testcase> <!-- testGetUserByName -->
  <testcase classname="api.test.DDUserTests" name="testGetUserByName" time="1.174"/>
  <testcase classname="api.test.DDUserTests" name="testGetUserByName" time="1.295"/>
  <testcase classname="api.test.DDUserTests" name="testGetUserByName" time="0.001">
    <skipped/>
  </testcase> <!-- testGetUserByName -->
  <testcase classname="api.test.DDUserTests" name="testUpdateUser" time="0.002">
    <skipped/>
  </testcase> <!-- testUpdateUser -->
  <testcase classname="api.test.DDUserTests" name="testUpdateUser" time="0.001">
    <skipped/>
  </testcase> <!-- testUpdateUser -->
  <testcase classname="api.test.DDUserTests" name="testUpdateUser" time="0.000">
    <skipped/>
  </testcase> <!-- testUpdateUser -->
  <testcase classname="api.test.DDUserTests" name="testUpdateUser" time="0.001">
    <skipped/>
  </testcase> <!-- testUpdateUser -->
  <testcase classname="api.test.DDUserTests" name="testUpdateUser" time="1.215"/>
  <testcase classname="api.test.DDUserTests" name="testUpdateUser" time="0.001">
    <skipped/>
  </testcase> <!-- testUpdateUser -->
  <testcase classname="api.test.DDUserTests" name="testUpdateUser" time="0.001">
    <skipped/>
  </testcase> <!-- testUpdateUser -->
  <testcase classname="api.test.DDUserTests" name="testUpdateUser" time="0.001">
    <skipped/>
  </testcase> <!-- testUpdateUser -->
  <testcase classname="api.test.DDUserTests" name="testUpdateUser" time="1.113"/>
  <testcase classname="api.test.DDUserTests" name="testUpdateUser" time="0.001">
    <skipped/>
  </testcase> <!-- testUpdateUser -->
  <testcase classname="api.test.DDUserTests" name="testUpdateUser" time="0.000">
    <skipped/>
  </testcase> <!-- testUpdateUser -->
  <testcase classname="api.test.DDUserTests" name="testUpdateUser" time="1.229"/>
  <testcase classname="api.test.DDUserTests" name="testDeleteUser" time="0.001">
    <skipped/>
  </testcase> <!-- testDeleteUser -->
  <testcase classname="api.test.DDUserTests" name="testDeleteUser" time="0.001">
    <skipped/>
  </testcase> <!-- testDeleteUser -->
  <testcase classname="api.test.DDUserTests" name="testDeleteUser" time="0.001">
    <skipped/>
  </testcase> <!-- testDeleteUser -->
  <testcase classname="api.test.DDUserTests" name="testDeleteUser" time="0.001">
    <skipped/>
  </testcase> <!-- testDeleteUser -->
  <testcase classname="api.test.DDUserTests" name="testDeleteUser" time="0.002">
    <skipped/>
  </testcase> <!-- testDeleteUser -->
  <testcase classname="api.test.DDUserTests" name="testDeleteUser" time="1.115"/>
  <testcase classname="api.test.DDUserTests" name="testDeleteUser" time="0.000">
    <skipped/>
  </testcase> <!-- testDeleteUser -->
  <testcase classname="api.test.DDUserTests" name="testDeleteUser" time="0.000">
    <skipped/>
  </testcase> <!-- testDeleteUser -->
  <testcase classname="api.test.DDUserTests" name="testDeleteUser" time="1.131"/>
  <testcase classname="api.test.DDUserTests" name="testDeleteUser" time="1.120"/>
  <testcase classname="api.test.DDUserTests" name="testDeleteUser" time="0.001">
    <skipped/>
  </testcase> <!-- testDeleteUser -->
  <testcase classname="api.test.DDUserTests" name="testDeleteUser" time="0.000">
    <skipped/>
  </testcase> <!-- testDeleteUser -->
</testsuite> <!-- api.test.DDUserTests -->
