<?xml version="1.0" encoding="UTF-8"?>
<!-- Generated by org.testng.reporters.JUnitReportReporter -->
<testsuite hostname="DESKTOP-RCQE1AK" failures="0" tests="48" name="api.test.DDUserTests" time="15.169" errors="0" timestamp="2026-01-13T14:25:35 IST" skipped="36">
  <testcase classname="api.test.DDUserTests" name="testCreateUser" time="0.001">
    <skipped/>
  </testcase> <!-- testCreateUser -->
  <testcase classname="api.test.DDUserTests" name="testCreateUser" time="0.001">
    <skipped/>
  </testcase> <!-- testCreateUser -->
  <testcase classname="api.test.DDUserTests" name="testCreateUser" time="1.086"/>
  <testcase classname="api.test.DDUserTests" name="testCreateUser" time="1.105"/>
  <testcase classname="api.test.DDUserTests" name="testCreateUser" time="0.001">
    <skipped/>
  </testcase> <!-- testCreateUser -->
  <testcase classname="api.test.DDUserTests" name="testCreateUser" time="0.002">
    <skipped/>
  </testcase> <!-- testCreateUser -->
  <testcase classname="api.test.DDUserTests" name="testCreateUser" time="2.458"/>
  <testcase classname="api.test.DDUserTests" name="testCreateUser" time="0.001">
    <skipped/>
  </testcase> <!-- testCreateUser -->
  <testcase classname="api.test.DDUserTests" name="testCreateUser" time="0.000">
    <skipped/>
  </testcase> <!-- testCreateUser -->
  <testcase classname="api.test.DDUserTests" name="testCreateUser" time="0.001">
    <skipped/>
  </testcase> <!-- testCreateUser -->
  <testcase classname="api.test.DDUserTests" name="testCreateUser" time="0.001">
    <skipped/>
  </testcase> <!-- testCreateUser -->
  <testcase classname="api.test.DDUserTests" name="testCreateUser" time="0.001">
    <skipped/>
  </testcase> <!-- testCreateUser -->
  <testcase classname="api.test.DDUserTests" name="testGetUserByName" time="0.001">
    <skipped/>
  </testcase> <!-- testGetUserByName -->
  <testcase classname="api.test.DDUserTests" name="testGetUserByName" time="0.000">
    <skipped/>
  </testcase> <!-- testGetUserByName -->
  <testcase classname="api.test.DDUserTests" name="testGetUserByName" time="1.278"/>
  <testcase classname="api.test.DDUserTests" name="testGetUserByName" time="0.001">
    <skipped/>
  </testcase> <!-- testGetUserByName -->
  <testcase classname="api.test.DDUserTests" name="testGetUserByName" time="0.001">
    <skipped/>
  </testcase> <!-- testGetUserByName -->
  <testcase classname="api.test.DDUserTests" name="testGetUserByName" time="1.112"/>
  <testcase classname="api.test.DDUserTests" name="testGetUserByName" time="0.001">
    <skipped/>
  </testcase> <!-- testGetUserByName -->
  <testcase classname="api.test.DDUserTests" name="testGetUserByName" time="0.001">
    <skipped/>
  </testcase> <!-- testGetUserByName -->
  <testcase classname="api.test.DDUserTests" name="testGetUserByName" time="0.001">
    <skipped/>
  </testcase> <!-- testGetUserByName -->
  <testcase classname="api.test.DDUserTests" name="testGetUserByName" time="0.001">
    <skipped/>
  </testcase> <!-- testGetUserByName -->
  <testcase classname="api.test.DDUserTests" name="testGetUserByName" time="1.163"/>
  <testcase classname="api.test.DDUserTests" name="testGetUserByName" time="0.001">
    <skipped/>
  </testcase> <!-- testGetUserByName -->
  <testcase classname="api.test.DDUserTests" name="testUpdateUser" time="1.072"/>
  <testcase classname="api.test.DDUserTests" name="testUpdateUser" time="1.316"/>
  <testcase classname="api.test.DDUserTests" name="testUpdateUser" time="0.001">
    <skipped/>
  </testcase> <!-- testUpdateUser -->
  <testcase classname="api.test.DDUserTests" name="testUpdateUser" time="1.199"/>
  <testcase classname="api.test.DDUserTests" name="testUpdateUser" time="0.000">
    <skipped/>
  </testcase> <!-- testUpdateUser -->
  <testcase classname="api.test.DDUserTests" name="testUpdateUser" time="0.000">
    <skipped/>
  </testcase> <!-- testUpdateUser -->
  <testcase classname="api.test.DDUserTests" name="testUpdateUser" time="0.000">
    <skipped/>
  </testcase> <!-- testUpdateUser -->
  <testcase classname="api.test.DDUserTests" name="testUpdateUser" time="0.001">
    <skipped/>
  </testcase> <!-- testUpdateUser -->
  <testcase classname="api.test.DDUserTests" name="testUpdateUser" time="0.001">
    <skipped/>
  </testcase> <!-- testUpdateUser -->
  <testcase classname="api.test.DDUserTests" name="testUpdateUser" time="0.001">
    <skipped/>
  </testcase> <!-- testUpdateUser -->
  <testcase classname="api.test.DDUserTests" name="testUpdateUser" time="0.001">
    <skipped/>
  </testcase> <!-- testUpdateUser -->
  <testcase classname="api.test.DDUserTests" name="testUpdateUser" time="0.001">
    <skipped/>
  </testcase> <!-- testUpdateUser -->
  <testcase classname="api.test.DDUserTests" name="testDeleteUser" time="0.000">
    <skipped/>
  </testcase> <!-- testDeleteUser -->
  <testcase classname="api.test.DDUserTests" name="testDeleteUser" time="0.000">
    <skipped/>
  </testcase> <!-- testDeleteUser -->
  <testcase classname="api.test.DDUserTests" name="testDeleteUser" time="0.001">
    <skipped/>
  </testcase> <!-- testDeleteUser -->
  <testcase classname="api.test.DDUserTests" name="testDeleteUser" time="1.155"/>
  <testcase classname="api.test.DDUserTests" name="testDeleteUser" time="0.000">
    <skipped/>
  </testcase> <!-- testDeleteUser -->
  <testcase classname="api.test.DDUserTests" name="testDeleteUser" time="0.000">
    <skipped/>
  </testcase> <!-- testDeleteUser -->
  <testcase classname="api.test.DDUserTests" name="testDeleteUser" time="0.000">
    <skipped/>
  </testcase> <!-- testDeleteUser -->
  <testcase classname="api.test.DDUserTests" name="testDeleteUser" time="0.001">
    <skipped/>
  </testcase> <!-- testDeleteUser -->
  <testcase classname="api.test.DDUserTests" name="testDeleteUser" time="0.000">
    <skipped/>
  </testcase> <!-- testDeleteUser -->
  <testcase classname="api.test.DDUserTests" name="testDeleteUser" time="1.131"/>
  <testcase classname="api.test.DDUserTests" name="testDeleteUser" time="0.001">
    <skipped/>
  </testcase> <!-- testDeleteUser -->
  <testcase classname="api.test.DDUserTests" name="testDeleteUser" time="1.068"/>
</testsuite> <!-- api.test.DDUserTests -->
