<?xml version="1.0" encoding="UTF-8"?>
<!-- Generated by org.testng.reporters.JUnitReportReporter -->
<testsuite hostname="DESKTOP-RCQE1AK" failures="0" tests="5" name="api.test.userTests2" time="8.599" errors="0" timestamp="2025-12-17T16:01:06 IST" skipped="0">
  <testcase classname="api.test.userTests2" name="testPostUser" time="2.850"/>
  <testcase classname="api.test.userTests2" name="testUserLogin" time="1.195"/>
  <testcase classname="api.test.userTests2" name="testGetUserByName" time="1.123"/>
  <testcase classname="api.test.userTests2" name="testUpdateUserName" time="2.227"/>
  <testcase classname="api.test.userTests2" name="testDeleteUserByName" time="1.204"/>
</testsuite> <!-- api.test.userTests2 -->
