<?xml version="1.0" encoding="UTF-8"?>
<!-- Generated by org.testng.reporters.JUnitReportReporter -->
<testsuite hostname="DESKTOP-RCQE1AK" failures="0" tests="13" name="api.test.DDUserAuthenticationTests" time="43.428" errors="1" timestamp="2025-12-18T17:49:40 IST" skipped="0">
  <testcase classname="api.test.DDUserAuthenticationTests" name="testLoginPositive" time="3.004"/>
  <testcase classname="api.test.DDUserAuthenticationTests" name="testLoginPositive" time="7.268"/>
  <testcase classname="api.test.DDUserAuthenticationTests" name="testLoginPositive" time="4.243"/>
  <testcase classname="api.test.DDUserAuthenticationTests" name="testLoginPositive" time="3.717"/>
  <testcase classname="api.test.DDUserAuthenticationTests" name="testLoginPositive" time="2.648"/>
  <testcase classname="api.test.DDUserAuthenticationTests" name="testLoginPositive" time="4.585"/>
  <testcase classname="api.test.DDUserAuthenticationTests" name="testLoginPositive" time="2.967"/>
  <testcase classname="api.test.DDUserAuthenticationTests" name="testLoginPositive" time="4.003"/>
  <testcase classname="api.test.DDUserAuthenticationTests" name="testLoginPositive" time="2.854"/>
  <testcase classname="api.test.DDUserAuthenticationTests" name="testLoginPositive" time="2.981"/>
  <testcase classname="api.test.DDUserAuthenticationTests" name="testLoginPositive" time="2.629"/>
  <testcase classname="api.test.DDUserAuthenticationTests" name="testLoginPositive" time="2.529"/>
  <testcase classname="api.test.DDUserAuthenticationTests" name="testLoginNegative" time="0.000">
    <error message="java.lang.RuntimeException: Sheet not found: LoginNegative" type="java.lang.RuntimeException">
      <![CDATA[java.lang.RuntimeException: java.lang.RuntimeException: Sheet not found: LoginNegative
at org.testng.internal.invokers.MethodInvocationHelper.invokeMethodNoCheckedException(MethodInvocationHelper.java:58)
at org.testng.internal.invokers.MethodInvocationHelper.invokeDataProvider(MethodInvocationHelper.java:159)
at org.testng.internal.Parameters.handleParameters(Parameters.java:809)
at org.testng.internal.Parameters.handleParameters(Parameters.java:734)
at org.testng.internal.invokers.ParameterHandler.handleParameters(ParameterHandler.java:72)
at org.testng.internal.invokers.ParameterHandler.createParameters(ParameterHandler.java:51)
at org.testng.internal.invokers.TestInvoker$MethodInvocationAgent.invoke(TestInvoker.java:949)
at org.testng.internal.invokers.TestInvoker.invokeTestMethods(TestInvoker.java:203)
at org.testng.internal.invokers.TestMethodWorker.invokeTestMethods(TestMethodWorker.java:154)
at org.testng.internal.invokers.TestMethodWorker.run(TestMethodWorker.java:134)
at java.base/java.util.ArrayList.forEach(ArrayList.java:1596)
at org.testng.TestRunner.privateRun(TestRunner.java:741)
at org.testng.TestRunner.run(TestRunner.java:616)
at org.testng.SuiteRunner.runTest(SuiteRunner.java:421)
at org.testng.SuiteRunner.runSequentially(SuiteRunner.java:413)
at org.testng.SuiteRunner.privateRun(SuiteRunner.java:373)
at org.testng.SuiteRunner.run(SuiteRunner.java:312)
at org.testng.SuiteRunnerWorker.runSuite(SuiteRunnerWorker.java:52)
at org.testng.SuiteRunnerWorker.run(SuiteRunnerWorker.java:95)
at org.testng.TestNG.runSuitesSequentially(TestNG.java:1274)
at org.testng.TestNG.runSuitesLocally(TestNG.java:1208)
at org.testng.TestNG.runSuites(TestNG.java:1112)
at org.testng.TestNG.run(TestNG.java:1079)
at org.testng.remote.AbstractRemoteTestNG.run(AbstractRemoteTestNG.java:115)
at org.testng.remote.RemoteTestNG.initAndRun(RemoteTestNG.java:293)
at org.testng.remote.RemoteTestNG.main(RemoteTestNG.java:91)
Caused by: java.lang.RuntimeException: Sheet not found: LoginNegative
at api.utilities.ExcelUtility.getRowCount(ExcelUtility.java:42)
at api.utilities.DataProviders.getNegativeLoginData(DataProviders.java:57)
at java.base/jdk.internal.reflect.DirectMethodHandleAccessor.invoke(DirectMethodHandleAccessor.java:103)
at java.base/java.lang.reflect.Method.invoke(Method.java:580)
at org.testng.internal.invokers.MethodInvocationHelper.invokeMethod(MethodInvocationHelper.java:141)
at org.testng.internal.invokers.MethodInvocationHelper.invokeMethod(MethodInvocationHelper.java:86)
at org.testng.internal.invokers.MethodInvocationHelper.invokeMethodNoCheckedException(MethodInvocationHelper.java:54)
... 25 more
]]>
    </error>
  </testcase> <!-- testLoginNegative -->
</testsuite> <!-- api.test.DDUserAuthenticationTests -->
