<?xml version="1.0" encoding="UTF-8"?>
<!-- Generated by org.testng.reporters.JUnitReportReporter -->
<testsuite hostname="DESKTOP-RCQE1AK" failures="0" tests="10" name="api.test.E2ETests" time="79.437" errors="0" timestamp="2026-01-12T19:39:15 IST" skipped="0">
  <testcase classname="api.test.E2ETests" name="testE2E_User_PlaceOrder_ForPet" time="7.781"/>
  <testcase classname="api.test.E2ETests" name="testE2E_User_PlaceOrder_ForPet" time="7.654"/>
  <testcase classname="api.test.E2ETests" name="testE2E_User_PlaceOrder_ForPet" time="7.804"/>
  <testcase classname="api.test.E2ETests" name="testE2E_User_PlaceOrder_ForPet" time="7.749"/>
  <testcase classname="api.test.E2ETests" name="testE2E_User_PlaceOrder_ForPet" time="7.683"/>
  <testcase classname="api.test.E2ETests" name="testE2E_User_PlaceOrder_ForPet" time="7.700"/>
  <testcase classname="api.test.E2ETests" name="testE2E_User_PlaceOrder_ForPet" time="7.760"/>
  <testcase classname="api.test.E2ETests" name="testE2E_User_PlaceOrder_ForPet" time="7.759"/>
  <testcase classname="api.test.E2ETests" name="testE2E_User_PlaceOrder_ForPet" time="9.850"/>
  <testcase classname="api.test.E2ETests" name="testE2E_User_PlaceOrder_ForPet" time="7.697"/>
</testsuite> <!-- api.test.E2ETests -->
