<?xml version="1.0" encoding="UTF-8"?>
<!-- Generated by org.testng.reporters.JUnitReportReporter -->
<testsuite hostname="DESKTOP-RCQE1AK" failures="0" tests="5" name="api.test.userTests2" time="8.690" errors="0" timestamp="2025-12-17T16:04:15 IST" skipped="0">
  <testcase classname="api.test.userTests2" name="testPostUser" time="2.814"/>
  <testcase classname="api.test.userTests2" name="testUserLogin" time="1.353"/>
  <testcase classname="api.test.userTests2" name="testGetUserByName" time="1.113"/>
  <testcase classname="api.test.userTests2" name="testUpdateUserName" time="2.296"/>
  <testcase classname="api.test.userTests2" name="testDeleteUserByName" time="1.114"/>
</testsuite> <!-- api.test.userTests2 -->
