<?xml version="1.0" encoding="UTF-8"?>
<!-- Generated by org.testng.reporters.JUnitReportReporter -->
<testsuite hostname="DESKTOP-RCQE1AK" failures="0" tests="30" name="api.test.StoreTests" time="40.754" errors="0" timestamp="2026-01-12T16:49:20 IST" skipped="0">
  <testcase classname="api.test.StoreTests" name="testPlaceOrderForPetDD" time="1.185"/>
  <testcase classname="api.test.StoreTests" name="testPlaceOrderForPetDD" time="1.112"/>
  <testcase classname="api.test.StoreTests" name="testPlaceOrderForPetDD" time="2.361"/>
  <testcase classname="api.test.StoreTests" name="testPlaceOrderForPetDD" time="1.227"/>
  <testcase classname="api.test.StoreTests" name="testPlaceOrderForPetDD" time="1.334"/>
  <testcase classname="api.test.StoreTests" name="testPlaceOrderForPetDD" time="3.019"/>
  <testcase classname="api.test.StoreTests" name="testPlaceOrderForPetDD" time="1.257"/>
  <testcase classname="api.test.StoreTests" name="testPlaceOrderForPetDD" time="1.192"/>
  <testcase classname="api.test.StoreTests" name="testPlaceOrderForPetDD" time="1.177"/>
  <testcase classname="api.test.StoreTests" name="testPlaceOrderForPetDD" time="1.144"/>
  <testcase classname="api.test.StoreTests" name="testPlaceOrderForPetDD" time="1.174"/>
  <testcase classname="api.test.StoreTests" name="testPlaceOrderForPetDD" time="1.238"/>
  <testcase classname="api.test.StoreTests" name="testPlaceOrderForPetDD" time="1.180"/>
  <testcase classname="api.test.StoreTests" name="testPlaceOrderForPetDD" time="1.248"/>
  <testcase classname="api.test.StoreTests" name="testPlaceOrderForPetDD" time="1.222"/>
  <testcase classname="api.test.StoreTests" name="testPlaceOrderForPetDD" time="1.214"/>
  <testcase classname="api.test.StoreTests" name="testPlaceOrderForPetDD" time="1.173"/>
  <testcase classname="api.test.StoreTests" name="testPlaceOrderForPetDD" time="1.140"/>
  <testcase classname="api.test.StoreTests" name="testPlaceOrderForPetDD" time="1.159"/>
  <testcase classname="api.test.StoreTests" name="testPlaceOrderForPetDD" time="1.134"/>
  <testcase classname="api.test.StoreTests" name="testPlaceOrderForPetDD" time="1.178"/>
  <testcase classname="api.test.StoreTests" name="testPlaceOrderForPetDD" time="1.216"/>
  <testcase classname="api.test.StoreTests" name="testPlaceOrderForPetDD" time="1.207"/>
  <testcase classname="api.test.StoreTests" name="testPlaceOrderForPetDD" time="1.195"/>
  <testcase classname="api.test.StoreTests" name="testPlaceOrderForPetDD" time="1.128"/>
  <testcase classname="api.test.StoreTests" name="testPlaceOrderForPetDD" time="1.138"/>
  <testcase classname="api.test.StoreTests" name="testPlaceOrderForPetDD" time="1.217"/>
  <testcase classname="api.test.StoreTests" name="testPlaceOrderForPetDD" time="1.120"/>
  <testcase classname="api.test.StoreTests" name="testPlaceOrderForPetDD" time="3.294"/>
  <testcase classname="api.test.StoreTests" name="testPlaceOrderForPetDD" time="1.171"/>
</testsuite> <!-- api.test.StoreTests -->
