<?xml version="1.0" encoding="UTF-8"?>
<!-- Generated by org.testng.reporters.JUnitReportReporter -->
<testsuite hostname="DESKTOP-RCQE1AK" failures="0" tests="3" name="api.test.PetTests" time="58.548" errors="0" timestamp="2026-01-07T19:07:06 IST" skipped="0">
  <testcase classname="api.test.PetTests" name="testFindPetsByStatus" time="53.179"/>
  <testcase classname="api.test.PetTests" name="testFindPetsByStatus" time="2.701"/>
  <testcase classname="api.test.PetTests" name="testFindPetsByStatus" time="2.668"/>
</testsuite> <!-- api.test.PetTests -->
