<?xml version="1.0" encoding="UTF-8"?>
<!-- Generated by org.testng.reporters.JUnitReportReporter -->
<testsuite hostname="DESKTOP-RCQE1AK" failures="0" tests="4" name="api.test.userTests" time="10.433" errors="0" timestamp="2025-12-17T08:43:45 IST" skipped="0">
  <testcase classname="api.test.userTests" name="testPostUser" time="3.335"/>
  <testcase classname="api.test.userTests" name="testGetUserByName" time="1.795"/>
  <testcase classname="api.test.userTests" name="testUpdateUserName" time="3.675"/>
  <testcase classname="api.test.userTests" name="testDeleteUserByName" time="1.628"/>
</testsuite> <!-- api.test.userTests -->
