<?xml version="1.0" encoding="UTF-8"?>
<!-- Generated by org.testng.reporters.JUnitXMLReporter -->
<testsuite ignored="0" hostname="DESKTOP-RCQE1AK" failures="0" tests="10" name="E2ETests" time="81.714" errors="0" timestamp="2026-01-12T19:39:15 IST">
  <testcase classname="api.test.E2ETests" name="testE2E_User_PlaceOrder_ForPet" time="9.85"/>
  <testcase classname="api.test.E2ETests" name="testE2E_User_PlaceOrder_ForPet" time="7.781"/>
  <testcase classname="api.test.E2ETests" name="testE2E_User_PlaceOrder_ForPet" time="7.749"/>
  <testcase classname="api.test.E2ETests" name="testE2E_User_PlaceOrder_ForPet" time="7.76"/>
  <testcase classname="api.test.E2ETests" name="testE2E_User_PlaceOrder_ForPet" time="7.7"/>
  <testcase classname="api.test.E2ETests" name="testE2E_User_PlaceOrder_ForPet" time="7.654"/>
  <testcase classname="api.test.E2ETests" name="testE2E_User_PlaceOrder_ForPet" time="7.697"/>
  <testcase classname="api.test.E2ETests" name="testE2E_User_PlaceOrder_ForPet" time="7.683"/>
  <testcase classname="api.test.E2ETests" name="testE2E_User_PlaceOrder_ForPet" time="7.804"/>
  <testcase classname="api.test.E2ETests" name="testE2E_User_PlaceOrder_ForPet" time="7.759"/>
</testsuite> <!-- E2ETests -->
