<?xml version="1.0" encoding="UTF-8"?>
<!-- Generated by org.testng.reporters.JUnitXMLReporter -->
<testsuite ignored="0" hostname="DESKTOP-RCQE1AK" failures="0" tests="4" name="PetTest" time="8.289" errors="0" timestamp="2025-12-16T19:31:58 IST">
  <testcase classname="api.test.userTests" name="testPostUser" time="2.694"/>
  <testcase classname="api.test.userTests" name="testGetUserByName" time="1.473"/>
  <testcase classname="api.test.userTests" name="testUpdateUserName" time="2.178"/>
  <testcase classname="api.test.userTests" name="testDeleteUserByName" time="1.123"/>
</testsuite> <!-- PetTest -->
